<?xml version="1.0" encoding="UTF-8"?>
<!-- Generated by org.testng.reporters.JUnitXMLReporter -->
<testsuite hostname="DESKTOP-CASA" failures="0" tests="3" name="Default test" time="0.031" errors="0" timestamp="14 Aug 2021 19:54:02 GMT">
  <testcase classname="com.testng.Demo_TestNg4" name="testAPI" time="0.01"/>
  <testcase classname="com.testng.Demo_TestNg4" name="testCelular" time="0.002"/>
  <testcase classname="com.testng.Demo_TestNg4" name="testWeb" time="0.002"/>
</testsuite> <!-- Default test -->
