<?xml version="1.0" encoding="UTF-8"?>
<!-- Generated by org.testng.reporters.JUnitXMLReporter -->
<testsuite hostname="DESKTOP-CASA" failures="0" tests="3" name="Regression" time="0.034" errors="0" timestamp="5 Sep 2021 05:14:36 GMT">
  <testcase classname="com.testng.Demo_TestNg2" name="test3" time="0.01"/>
  <testcase classname="com.testng.Demo_TestNg3" name="testCelular3" time="0.002"/>
  <testcase classname="com.testng.Demo_TestNg4" name="testCelular" time="0.002"/>
</testsuite> <!-- Regression -->
