<?xml version="1.0" encoding="UTF-8"?>
<!-- Generated by org.testng.reporters.JUnitXMLReporter -->
<testsuite hostname="DESKTOP-6EN4JMV" name="Test" tests="6" failures="0" timestamp="14 Sep 2021 22:58:07 GMT" time="0.043" errors="0">
  <testcase name="test1" time="0.006" classname="com.testng.Demo_TestNg"/>
  <testcase name="test2" time="0.002" classname="com.testng.Demo_TestNg"/>
  <testcase name="test3" time="0.003" classname="com.testng.Demo_TestNg2"/>
  <testcase name="testAPI" time="0.002" classname="com.testng.Demo_TestNg4"/>
  <testcase name="testCelular" time="0.002" classname="com.testng.Demo_TestNg4"/>
  <testcase name="testWeb" time="0.001" classname="com.testng.Demo_TestNg4"/>
</testsuite> <!-- Test -->
