<?xml version="1.0" encoding="UTF-8"?>
<!-- Generated by org.testng.reporters.JUnitXMLReporter -->
<testsuite hostname="DESKTOP-CASA" failures="0" tests="6" name="Test" time="0.05" errors="0" timestamp="5 Sep 2021 05:05:00 GMT">
  <testcase classname="com.testng.Demo_TestNg" name="test1" time="0.005"/>
  <testcase classname="com.testng.Demo_TestNg" name="test2" time="0.001"/>
  <testcase classname="com.testng.Demo_TestNg2" name="test3" time="0.002"/>
  <testcase classname="com.testng.Demo_TestNg4" name="testAPI" time="0.006"/>
  <testcase classname="com.testng.Demo_TestNg4" name="testCelular" time="0.002"/>
  <testcase classname="com.testng.Demo_TestNg4" name="testWeb" time="0.005"/>
</testsuite> <!-- Test -->
