<?xml version="1.0" encoding="UTF-8"?>
<testng-results total="2" passed="2" failed="0" skipped="0">
  <reporter-output>
  </reporter-output>
  <suite started-at="2021-08-29T04:42:41Z" name="Default suite" finished-at="2021-08-29T04:42:41Z" duration-ms="41">
    <groups>
    </groups>
    <test started-at="2021-08-29T04:42:41Z" name="Default test" finished-at="2021-08-29T04:42:41Z" duration-ms="41">
      <class name="com.javapuro.Map_Java">
        <test-method signature="mapTest()[pri:0, instance:com.javapuro.Map_Java@7357a011]" started-at="2021-08-29T01:42:41Z" name="mapTest" finished-at="2021-08-29T01:42:41Z" duration-ms="17" status="PASS">
          <reporter-output>
          </reporter-output>
        </test-method> <!-- mapTest -->
        <test-method signature="streamCollect()[pri:0, instance:com.javapuro.Map_Java@7357a011]" started-at="2021-08-29T01:42:41Z" name="streamCollect" finished-at="2021-08-29T01:42:41Z" duration-ms="6" status="PASS">
          <reporter-output>
          </reporter-output>
        </test-method> <!-- streamCollect -->
      </class> <!-- com.javapuro.Map_Java -->
    </test> <!-- Default test -->
  </suite> <!-- Default suite -->
</testng-results>
